0 info it worked if it ends with ok
1 verbose cli [ '/Users/przeor/.nvm/versions/node/v4.2.2/bin/node',
1 verbose cli   '/Users/przeor/.nvm/versions/node/v4.2.2/bin/npm',
1 verbose cli   'start' ]
2 info using npm@3.5.1
3 info using node@v4.2.2
4 verbose run-script [ 'prestart', 'start', 'poststart' ]
5 info lifecycle React-Convention-Book@1.0.0~prestart: React-Convention-Book@1.0.0
6 silly lifecycle React-Convention-Book@1.0.0~prestart: no script for prestart, continuing
7 info lifecycle React-Convention-Book@1.0.0~start: React-Convention-Book@1.0.0
8 verbose lifecycle React-Convention-Book@1.0.0~start: unsafe-perm in lifecycle true
9 verbose lifecycle React-Convention-Book@1.0.0~start: PATH: /Users/przeor/.nvm/versions/node/v4.2.2/lib/node_modules/npm/bin/node-gyp-bin:/Users/przeor/Desktop/React-Convention-Book/node_modules/.bin:/Users/przeor/.nvm/versions/node/v4.2.2/bin:/usr/local/bin:/usr/bin:/bin:/usr/sbin:/sbin
10 verbose lifecycle React-Convention-Book@1.0.0~start: CWD: /Users/przeor/Desktop/React-Convention-Book
11 silly lifecycle React-Convention-Book@1.0.0~start: Args: [ '-c', 'npm run webpack; node server' ]
12 silly lifecycle React-Convention-Book@1.0.0~start: Returned: code: 1  signal: null
13 info lifecycle React-Convention-Book@1.0.0~start: Failed to exec start script
14 verbose stack Error: React-Convention-Book@1.0.0 start: `npm run webpack; node server`
14 verbose stack Exit status 1
14 verbose stack     at EventEmitter.<anonymous> (/Users/przeor/.nvm/versions/node/v4.2.2/lib/node_modules/npm/lib/utils/lifecycle.js:232:16)
14 verbose stack     at emitTwo (events.js:87:13)
14 verbose stack     at EventEmitter.emit (events.js:172:7)
14 verbose stack     at ChildProcess.<anonymous> (/Users/przeor/.nvm/versions/node/v4.2.2/lib/node_modules/npm/lib/utils/spawn.js:24:14)
14 verbose stack     at emitTwo (events.js:87:13)
14 verbose stack     at ChildProcess.emit (events.js:172:7)
14 verbose stack     at maybeClose (internal/child_process.js:818:16)
14 verbose stack     at Process.ChildProcess._handle.onexit (internal/child_process.js:211:5)
15 verbose pkgid React-Convention-Book@1.0.0
16 verbose cwd /Users/przeor/Desktop/React-Convention-Book/server
17 error Darwin 14.5.0
18 error argv "/Users/przeor/.nvm/versions/node/v4.2.2/bin/node" "/Users/przeor/.nvm/versions/node/v4.2.2/bin/npm" "start"
19 error node v4.2.2
20 error npm  v3.5.1
21 error code ELIFECYCLE
22 error React-Convention-Book@1.0.0 start: `npm run webpack; node server`
22 error Exit status 1
23 error Failed at the React-Convention-Book@1.0.0 start script 'npm run webpack; node server'.
23 error Make sure you have the latest version of node.js and npm installed.
23 error If you do, this is most likely a problem with the React-Convention-Book package,
23 error not with npm itself.
23 error Tell the author that this fails on your system:
23 error     npm run webpack; node server
23 error You can get information on how to open an issue for this project with:
23 error     npm bugs React-Convention-Book
23 error Or if that isn't available, you can get their info via:
23 error     npm owner ls React-Convention-Book
23 error There is likely additional logging output above.
24 verbose exit [ 1, true ]
